<?xml version="1.0" encoding="UTF-8"?>
<testsuite xmlns:xsi="http://www.w3.org/2001/XMLSchema-instance" xsi:noNamespaceSchemaLocation="https://maven.apache.org/surefire/maven-surefire-plugin/xsd/surefire-test-report-3.0.xsd" version="3.0" name="com.example.employees.mapper.EmployeeMapperTest" time="0.031" tests="4" errors="0" skipped="0" failures="0">
  <properties>
    <property name="java.specification.version" value="17"/>
    <property name="sun.jnu.encoding" value="UTF-8"/>
    <property name="java.class.path" value="/home/user/Downloads/employee-service/target/test-classes:/home/user/Downloads/employee-service/target/classes:/home/user/.m2/repository/org/springframework/boot/spring-boot-starter-web/3.3.6/spring-boot-starter-web-3.3.6.jar:/home/user/.m2/repository/org/springframework/boot/spring-boot-starter/3.3.6/spring-boot-starter-3.3.6.jar:/home/user/.m2/repository/org/springframework/boot/spring-boot/3.3.6/spring-boot-3.3.6.jar:/home/user/.m2/repository/org/springframework/boot/spring-boot-autoconfigure/3.3.6/spring-boot-autoconfigure-3.3.6.jar:/home/user/.m2/repository/org/springframework/boot/spring-boot-starter-logging/3.3.6/spring-boot-starter-logging-3.3.6.jar:/home/user/.m2/repository/ch/qos/logback/logback-classic/1.5.12/logback-classic-1.5.12.jar:/home/user/.m2/repository/ch/qos/logback/logback-core/1.5.12/logback-core-1.5.12.jar:/home/user/.m2/repository/org/apache/logging/log4j/log4j-to-slf4j/2.23.1/log4j-to-slf4j-2.23.1.jar:/home/user/.m2/repository/org/apache/logging/log4j/log4j-api/2.23.1/log4j-api-2.23.1.jar:/home/user/.m2/repository/org/slf4j/jul-to-slf4j/2.0.16/jul-to-slf4j-2.0.16.jar:/home/user/.m2/repository/jakarta/annotation/jakarta.annotation-api/2.1.1/jakarta.annotation-api-2.1.1.jar:/home/user/.m2/repository/org/yaml/snakeyaml/2.2/snakeyaml-2.2.jar:/home/user/.m2/repository/org/springframework/boot/spring-boot-starter-json/3.3.6/spring-boot-starter-json-3.3.6.jar:/home/user/.m2/repository/com/fasterxml/jackson/datatype/jackson-datatype-jdk8/2.17.3/jackson-datatype-jdk8-2.17.3.jar:/home/user/.m2/repository/com/fasterxml/jackson/datatype/jackson-datatype-jsr310/2.17.3/jackson-datatype-jsr310-2.17.3.jar:/home/user/.m2/repository/com/fasterxml/jackson/module/jackson-module-parameter-names/2.17.3/jackson-module-parameter-names-2.17.3.jar:/home/user/.m2/repository/org/springframework/boot/spring-boot-starter-tomcat/3.3.6/spring-boot-starter-tomcat-3.3.6.jar:/home/user/.m2/repository/org/apache/tomcat/embed/tomcat-embed-core/10.1.33/tomcat-embed-core-10.1.33.jar:/home/user/.m2/repository/org/apache/tomcat/embed/tomcat-embed-el/10.1.33/tomcat-embed-el-10.1.33.jar:/home/user/.m2/repository/org/apache/tomcat/embed/tomcat-embed-websocket/10.1.33/tomcat-embed-websocket-10.1.33.jar:/home/user/.m2/repository/org/springframework/spring-web/6.1.15/spring-web-6.1.15.jar:/home/user/.m2/repository/org/springframework/spring-beans/6.1.15/spring-beans-6.1.15.jar:/home/user/.m2/repository/io/micrometer/micrometer-observation/1.13.8/micrometer-observation-1.13.8.jar:/home/user/.m2/repository/io/micrometer/micrometer-commons/1.13.8/micrometer-commons-1.13.8.jar:/home/user/.m2/repository/org/springframework/spring-webmvc/6.1.15/spring-webmvc-6.1.15.jar:/home/user/.m2/repository/org/springframework/spring-aop/6.1.15/spring-aop-6.1.15.jar:/home/user/.m2/repository/org/springframework/spring-context/6.1.15/spring-context-6.1.15.jar:/home/user/.m2/repository/org/springframework/spring-expression/6.1.15/spring-expression-6.1.15.jar:/home/user/.m2/repository/com/fasterxml/jackson/core/jackson-databind/2.17.3/jackson-databind-2.17.3.jar:/home/user/.m2/repository/com/fasterxml/jackson/core/jackson-annotations/2.17.3/jackson-annotations-2.17.3.jar:/home/user/.m2/repository/com/fasterxml/jackson/core/jackson-core/2.17.3/jackson-core-2.17.3.jar:/home/user/.m2/repository/org/projectlombok/lombok/1.18.36/lombok-1.18.36.jar:/home/user/.m2/repository/org/junit/jupiter/junit-jupiter/5.10.0/junit-jupiter-5.10.0.jar:/home/user/.m2/repository/org/junit/jupiter/junit-jupiter-api/5.10.5/junit-jupiter-api-5.10.5.jar:/home/user/.m2/repository/org/opentest4j/opentest4j/1.3.0/opentest4j-1.3.0.jar:/home/user/.m2/repository/org/junit/platform/junit-platform-commons/1.10.5/junit-platform-commons-1.10.5.jar:/home/user/.m2/repository/org/apiguardian/apiguardian-api/1.1.2/apiguardian-api-1.1.2.jar:/home/user/.m2/repository/org/junit/jupiter/junit-jupiter-params/5.10.5/junit-jupiter-params-5.10.5.jar:/home/user/.m2/repository/org/junit/jupiter/junit-jupiter-engine/5.10.5/junit-jupiter-engine-5.10.5.jar:/home/user/.m2/repository/org/junit/platform/junit-platform-engine/1.10.5/junit-platform-engine-1.10.5.jar:/home/user/.m2/repository/org/mockito/mockito-core/5.11.0/mockito-core-5.11.0.jar:/home/user/.m2/repository/net/bytebuddy/byte-buddy/1.14.19/byte-buddy-1.14.19.jar:/home/user/.m2/repository/net/bytebuddy/byte-buddy-agent/1.14.19/byte-buddy-agent-1.14.19.jar:/home/user/.m2/repository/org/objenesis/objenesis/3.3/objenesis-3.3.jar:/home/user/.m2/repository/org/mockito/mockito-junit-jupiter/5.11.0/mockito-junit-jupiter-5.11.0.jar:/home/user/.m2/repository/org/springframework/boot/spring-boot-starter-test/3.3.6/spring-boot-starter-test-3.3.6.jar:/home/user/.m2/repository/org/springframework/boot/spring-boot-test/3.3.6/spring-boot-test-3.3.6.jar:/home/user/.m2/repository/org/springframework/boot/spring-boot-test-autoconfigure/3.3.6/spring-boot-test-autoconfigure-3.3.6.jar:/home/user/.m2/repository/com/jayway/jsonpath/json-path/2.9.0/json-path-2.9.0.jar:/home/user/.m2/repository/org/slf4j/slf4j-api/2.0.16/slf4j-api-2.0.16.jar:/home/user/.m2/repository/jakarta/xml/bind/jakarta.xml.bind-api/4.0.2/jakarta.xml.bind-api-4.0.2.jar:/home/user/.m2/repository/jakarta/activation/jakarta.activation-api/2.1.3/jakarta.activation-api-2.1.3.jar:/home/user/.m2/repository/net/minidev/json-smart/2.5.1/json-smart-2.5.1.jar:/home/user/.m2/repository/net/minidev/accessors-smart/2.5.1/accessors-smart-2.5.1.jar:/home/user/.m2/repository/org/ow2/asm/asm/9.6/asm-9.6.jar:/home/user/.m2/repository/org/assertj/assertj-core/3.25.3/assertj-core-3.25.3.jar:/home/user/.m2/repository/org/awaitility/awaitility/4.2.2/awaitility-4.2.2.jar:/home/user/.m2/repository/org/hamcrest/hamcrest/2.2/hamcrest-2.2.jar:/home/user/.m2/repository/org/skyscreamer/jsonassert/1.5.3/jsonassert-1.5.3.jar:/home/user/.m2/repository/com/vaadin/external/google/android-json/0.0.20131108.vaadin1/android-json-0.0.20131108.vaadin1.jar:/home/user/.m2/repository/org/springframework/spring-core/6.1.15/spring-core-6.1.15.jar:/home/user/.m2/repository/org/springframework/spring-jcl/6.1.15/spring-jcl-6.1.15.jar:/home/user/.m2/repository/org/springframework/spring-test/6.1.15/spring-test-6.1.15.jar:/home/user/.m2/repository/org/xmlunit/xmlunit-core/2.9.1/xmlunit-core-2.9.1.jar:"/>
    <property name="java.vm.vendor" value="Ubuntu"/>
    <property name="sun.arch.data.model" value="64"/>
    <property name="java.vendor.url" value="https://ubuntu.com/"/>
    <property name="user.timezone" value="Asia/Qatar"/>
    <property name="os.name" value="Linux"/>
    <property name="java.vm.specification.version" value="17"/>
    <property name="sun.java.launcher" value="SUN_STANDARD"/>
    <property name="user.country" value="US"/>
    <property name="sun.boot.library.path" value="/usr/lib/jvm/java-17-openjdk-amd64/lib"/>
    <property name="sun.java.command" value="/home/user/Downloads/employee-service/target/surefire/surefirebooter-20250511012849804_3.jar /home/user/Downloads/employee-service/target/surefire 2025-05-11T01-28-49_440-jvmRun1 surefire-20250511012849804_1tmp surefire_0-20250511012849804_2tmp"/>
    <property name="jdk.debug" value="release"/>
    <property name="surefire.test.class.path" value="/home/user/Downloads/employee-service/target/test-classes:/home/user/Downloads/employee-service/target/classes:/home/user/.m2/repository/org/springframework/boot/spring-boot-starter-web/3.3.6/spring-boot-starter-web-3.3.6.jar:/home/user/.m2/repository/org/springframework/boot/spring-boot-starter/3.3.6/spring-boot-starter-3.3.6.jar:/home/user/.m2/repository/org/springframework/boot/spring-boot/3.3.6/spring-boot-3.3.6.jar:/home/user/.m2/repository/org/springframework/boot/spring-boot-autoconfigure/3.3.6/spring-boot-autoconfigure-3.3.6.jar:/home/user/.m2/repository/org/springframework/boot/spring-boot-starter-logging/3.3.6/spring-boot-starter-logging-3.3.6.jar:/home/user/.m2/repository/ch/qos/logback/logback-classic/1.5.12/logback-classic-1.5.12.jar:/home/user/.m2/repository/ch/qos/logback/logback-core/1.5.12/logback-core-1.5.12.jar:/home/user/.m2/repository/org/apache/logging/log4j/log4j-to-slf4j/2.23.1/log4j-to-slf4j-2.23.1.jar:/home/user/.m2/repository/org/apache/logging/log4j/log4j-api/2.23.1/log4j-api-2.23.1.jar:/home/user/.m2/repository/org/slf4j/jul-to-slf4j/2.0.16/jul-to-slf4j-2.0.16.jar:/home/user/.m2/repository/jakarta/annotation/jakarta.annotation-api/2.1.1/jakarta.annotation-api-2.1.1.jar:/home/user/.m2/repository/org/yaml/snakeyaml/2.2/snakeyaml-2.2.jar:/home/user/.m2/repository/org/springframework/boot/spring-boot-starter-json/3.3.6/spring-boot-starter-json-3.3.6.jar:/home/user/.m2/repository/com/fasterxml/jackson/datatype/jackson-datatype-jdk8/2.17.3/jackson-datatype-jdk8-2.17.3.jar:/home/user/.m2/repository/com/fasterxml/jackson/datatype/jackson-datatype-jsr310/2.17.3/jackson-datatype-jsr310-2.17.3.jar:/home/user/.m2/repository/com/fasterxml/jackson/module/jackson-module-parameter-names/2.17.3/jackson-module-parameter-names-2.17.3.jar:/home/user/.m2/repository/org/springframework/boot/spring-boot-starter-tomcat/3.3.6/spring-boot-starter-tomcat-3.3.6.jar:/home/user/.m2/repository/org/apache/tomcat/embed/tomcat-embed-core/10.1.33/tomcat-embed-core-10.1.33.jar:/home/user/.m2/repository/org/apache/tomcat/embed/tomcat-embed-el/10.1.33/tomcat-embed-el-10.1.33.jar:/home/user/.m2/repository/org/apache/tomcat/embed/tomcat-embed-websocket/10.1.33/tomcat-embed-websocket-10.1.33.jar:/home/user/.m2/repository/org/springframework/spring-web/6.1.15/spring-web-6.1.15.jar:/home/user/.m2/repository/org/springframework/spring-beans/6.1.15/spring-beans-6.1.15.jar:/home/user/.m2/repository/io/micrometer/micrometer-observation/1.13.8/micrometer-observation-1.13.8.jar:/home/user/.m2/repository/io/micrometer/micrometer-commons/1.13.8/micrometer-commons-1.13.8.jar:/home/user/.m2/repository/org/springframework/spring-webmvc/6.1.15/spring-webmvc-6.1.15.jar:/home/user/.m2/repository/org/springframework/spring-aop/6.1.15/spring-aop-6.1.15.jar:/home/user/.m2/repository/org/springframework/spring-context/6.1.15/spring-context-6.1.15.jar:/home/user/.m2/repository/org/springframework/spring-expression/6.1.15/spring-expression-6.1.15.jar:/home/user/.m2/repository/com/fasterxml/jackson/core/jackson-databind/2.17.3/jackson-databind-2.17.3.jar:/home/user/.m2/repository/com/fasterxml/jackson/core/jackson-annotations/2.17.3/jackson-annotations-2.17.3.jar:/home/user/.m2/repository/com/fasterxml/jackson/core/jackson-core/2.17.3/jackson-core-2.17.3.jar:/home/user/.m2/repository/org/projectlombok/lombok/1.18.36/lombok-1.18.36.jar:/home/user/.m2/repository/org/junit/jupiter/junit-jupiter/5.10.0/junit-jupiter-5.10.0.jar:/home/user/.m2/repository/org/junit/jupiter/junit-jupiter-api/5.10.5/junit-jupiter-api-5.10.5.jar:/home/user/.m2/repository/org/opentest4j/opentest4j/1.3.0/opentest4j-1.3.0.jar:/home/user/.m2/repository/org/junit/platform/junit-platform-commons/1.10.5/junit-platform-commons-1.10.5.jar:/home/user/.m2/repository/org/apiguardian/apiguardian-api/1.1.2/apiguardian-api-1.1.2.jar:/home/user/.m2/repository/org/junit/jupiter/junit-jupiter-params/5.10.5/junit-jupiter-params-5.10.5.jar:/home/user/.m2/repository/org/junit/jupiter/junit-jupiter-engine/5.10.5/junit-jupiter-engine-5.10.5.jar:/home/user/.m2/repository/org/junit/platform/junit-platform-engine/1.10.5/junit-platform-engine-1.10.5.jar:/home/user/.m2/repository/org/mockito/mockito-core/5.11.0/mockito-core-5.11.0.jar:/home/user/.m2/repository/net/bytebuddy/byte-buddy/1.14.19/byte-buddy-1.14.19.jar:/home/user/.m2/repository/net/bytebuddy/byte-buddy-agent/1.14.19/byte-buddy-agent-1.14.19.jar:/home/user/.m2/repository/org/objenesis/objenesis/3.3/objenesis-3.3.jar:/home/user/.m2/repository/org/mockito/mockito-junit-jupiter/5.11.0/mockito-junit-jupiter-5.11.0.jar:/home/user/.m2/repository/org/springframework/boot/spring-boot-starter-test/3.3.6/spring-boot-starter-test-3.3.6.jar:/home/user/.m2/repository/org/springframework/boot/spring-boot-test/3.3.6/spring-boot-test-3.3.6.jar:/home/user/.m2/repository/org/springframework/boot/spring-boot-test-autoconfigure/3.3.6/spring-boot-test-autoconfigure-3.3.6.jar:/home/user/.m2/repository/com/jayway/jsonpath/json-path/2.9.0/json-path-2.9.0.jar:/home/user/.m2/repository/org/slf4j/slf4j-api/2.0.16/slf4j-api-2.0.16.jar:/home/user/.m2/repository/jakarta/xml/bind/jakarta.xml.bind-api/4.0.2/jakarta.xml.bind-api-4.0.2.jar:/home/user/.m2/repository/jakarta/activation/jakarta.activation-api/2.1.3/jakarta.activation-api-2.1.3.jar:/home/user/.m2/repository/net/minidev/json-smart/2.5.1/json-smart-2.5.1.jar:/home/user/.m2/repository/net/minidev/accessors-smart/2.5.1/accessors-smart-2.5.1.jar:/home/user/.m2/repository/org/ow2/asm/asm/9.6/asm-9.6.jar:/home/user/.m2/repository/org/assertj/assertj-core/3.25.3/assertj-core-3.25.3.jar:/home/user/.m2/repository/org/awaitility/awaitility/4.2.2/awaitility-4.2.2.jar:/home/user/.m2/repository/org/hamcrest/hamcrest/2.2/hamcrest-2.2.jar:/home/user/.m2/repository/org/skyscreamer/jsonassert/1.5.3/jsonassert-1.5.3.jar:/home/user/.m2/repository/com/vaadin/external/google/android-json/0.0.20131108.vaadin1/android-json-0.0.20131108.vaadin1.jar:/home/user/.m2/repository/org/springframework/spring-core/6.1.15/spring-core-6.1.15.jar:/home/user/.m2/repository/org/springframework/spring-jcl/6.1.15/spring-jcl-6.1.15.jar:/home/user/.m2/repository/org/springframework/spring-test/6.1.15/spring-test-6.1.15.jar:/home/user/.m2/repository/org/xmlunit/xmlunit-core/2.9.1/xmlunit-core-2.9.1.jar:"/>
    <property name="sun.cpu.endian" value="little"/>
    <property name="user.home" value="/home/user"/>
    <property name="user.language" value="en"/>
    <property name="java.specification.vendor" value="Oracle Corporation"/>
    <property name="java.version.date" value="2025-04-15"/>
    <property name="java.home" value="/usr/lib/jvm/java-17-openjdk-amd64"/>
    <property name="file.separator" value="/"/>
    <property name="basedir" value="/home/user/Downloads/employee-service"/>
    <property name="java.vm.compressedOopsMode" value="Zero based"/>
    <property name="line.separator" value="&#10;"/>
    <property name="java.vm.specification.vendor" value="Oracle Corporation"/>
    <property name="java.specification.name" value="Java Platform API Specification"/>
    <property name="surefire.real.class.path" value="/home/user/Downloads/employee-service/target/surefire/surefirebooter-20250511012849804_3.jar"/>
    <property name="sun.management.compiler" value="HotSpot 64-Bit Tiered Compilers"/>
    <property name="java.runtime.version" value="17.0.15+6-Ubuntu-0ubuntu122.04"/>
    <property name="user.name" value="user"/>
    <property name="path.separator" value=":"/>
    <property name="os.version" value="5.15.0-136-generic"/>
    <property name="java.runtime.name" value="OpenJDK Runtime Environment"/>
    <property name="file.encoding" value="UTF-8"/>
    <property name="java.vm.name" value="OpenJDK 64-Bit Server VM"/>
    <property name="localRepository" value="/home/user/.m2/repository"/>
    <property name="java.vendor.url.bug" value="https://bugs.launchpad.net/ubuntu/+source/openjdk-17"/>
    <property name="java.io.tmpdir" value="/tmp"/>
    <property name="java.version" value="17.0.15"/>
    <property name="user.dir" value="/home/user/Downloads/employee-service"/>
    <property name="os.arch" value="amd64"/>
    <property name="java.vm.specification.name" value="Java Virtual Machine Specification"/>
    <property name="native.encoding" value="UTF-8"/>
    <property name="java.library.path" value="/usr/java/packages/lib:/usr/lib/x86_64-linux-gnu/jni:/lib/x86_64-linux-gnu:/usr/lib/x86_64-linux-gnu:/usr/lib/jni:/lib:/usr/lib"/>
    <property name="java.vm.info" value="mixed mode, sharing"/>
    <property name="java.vendor" value="Ubuntu"/>
    <property name="java.vm.version" value="17.0.15+6-Ubuntu-0ubuntu122.04"/>
    <property name="java.specification.maintenance.version" value="1"/>
    <property name="sun.io.unicode.encoding" value="UnicodeLittle"/>
    <property name="java.class.version" value="61.0"/>
  </properties>
  <testcase name="toEntity_ShouldMapCorrectly" classname="com.example.employees.mapper.EmployeeMapperTest" time="0.003"/>
  <testcase name="toDTO_ShouldMapCorrectly" classname="com.example.employees.mapper.EmployeeMapperTest" time="0.002"/>
  <testcase name="toDTO_ShouldReturnNull_WhenInputIsNull" classname="com.example.employees.mapper.EmployeeMapperTest" time="0.003"/>
  <testcase name="toEntity_ShouldReturnNull_WhenInputIsNull" classname="com.example.employees.mapper.EmployeeMapperTest" time="0.002"/>
</testsuite>